  compilation object save succeeded; see D:\Visual Studio Source Code\DirectX11_Game_2020_09_01_v1.01\pixelShader.cso
  compilation object save succeeded; see D:\Visual Studio Source Code\DirectX11_Game_2020_09_01_v1.01\vertexShader.cso
  audio_clip.cpp
  camera.cpp
  donut.cpp
  explosion.cpp
  field.cpp
  game.cpp
  input.cpp
  light.cpp
  load_screen.cpp
  main.cpp
d:\visual studio source code\directx11_game_2020_09_01_v1.01\main.cpp(106): warning C4244: '引数': 'time_t' から 'unsigned int' への変換です。データが失われる可能性があります。
  manager.cpp
  model.cpp
  order.cpp
  player.cpp
  renderer.cpp
  result.cpp
  score.cpp
  sound.cpp
  title.cpp
  UI_frame.cpp
  コードを生成中...
  コンパイル中...
  UI_order.cpp
  UI_result.cpp
  UI_score.cpp
  UI_time.cpp
  UI_title.cpp
  コードを生成中...
  GM31_05_20_00Base.vcxproj -> D:\Visual Studio Source Code\DirectX11_Game_2020_09_01_v1.01\Debug\GM31_05_20_00Base.exe
